<?xml version="1.0" encoding="UTF-8"?>
<!-- Generated by org.testng.reporters.JUnitXMLReporter -->
<testsuite hostname="DESKTOP-IS0469G" ignored="0" name="Default test" tests="7" failures="0" timestamp="18 May 2018 20:42:42 GMT" time="39.135" errors="0">
  <testcase name="readRecepientAuthData" time="0.009" classname="scenarios.EmailAutomation"/>
  <testcase name="enterRecepientEmail" time="0.661" classname="scenarios.EmailAutomation"/>
  <testcase name="enterRecepientPasword" time="1.275" classname="scenarios.EmailAutomation"/>
  <testcase name="logInRecepient" time="11.341" classname="scenarios.EmailAutomation"/>
  <testcase name="getAssertEmailData" time="0.002" classname="scenarios.EmailAutomation"/>
  <testcase name="openEmail" time="0.196" classname="scenarios.EmailAutomation"/>
  <testcase name="validateBody" time="5.04" classname="scenarios.EmailAutomation"/>
</testsuite> <!-- Default test -->
